{"level":"info","message":"开始：2024/6/1 22:55:01"}
{"level":"info","message":{"body":"{\"code\":200,\"msg\":\"提交成功\",\"data\":[]}","brand":"google","model":"pixel5","tip":"重置机型成功"}}
{"level":"info","message":{"data":"{\"msg\":\"操作成功\",\"code\":200}","tip":"切换代理IP成功"}}
{"level":"info","message":{"time":"2024/6/1 22:55:50","tip":"网站已打开"}}
{"level":"info","message":{"time":"2024/6/1 22:55:51","tip":"广告曝光"}}
{"level":"error","name":"unknown error"}
{"level":"info","message":{"body":"{\"code\":200,\"msg\":\"提交成功\",\"data\":[]}","brand":"google","model":"pixel5","tip":"重置机型成功"}}
{"level":"info","message":{"data":"{\"msg\":\"操作成功\",\"code\":200}","tip":"切换代理IP成功"}}
{"level":"info","message":"开始：2024/6/1 22:56:21"}
{"level":"info","message":{"body":"{\"code\":200,\"msg\":\"提交成功\",\"data\":[]}","brand":"google","model":"pixel5","tip":"重置机型成功"}}
{"level":"info","message":{"data":"{\"msg\":\"操作成功\",\"code\":200}","tip":"切换代理IP成功"}}
{"level":"info","message":{"time":"2024/6/1 22:57:20","tip":"网站已打开"}}
{"level":"info","message":{"time":"2024/6/1 22:57:23","tip":"广告曝光"}}
{"level":"error","name":"unknown error"}
{"level":"info","message":{"body":"{\"code\":200,\"msg\":\"提交成功\",\"data\":[]}","brand":"google","model":"Pixel 4a","tip":"重置机型成功"}}
{"level":"info","message":{"data":"{\"msg\":\"操作成功\",\"code\":200}","tip":"切换代理IP成功"}}
{"level":"info","message":"开始：2024/6/1 22:57:29"}
{"level":"info","message":{"body":"{\"code\":200,\"msg\":\"提交成功\",\"data\":[]}","brand":"google","model":"Pixel 6","tip":"重置机型成功"}}
{"level":"info","message":{"data":"{\"msg\":\"操作成功\",\"code\":200}","tip":"切换代理IP成功"}}
{"level":"info","message":{"time":"2024/6/1 22:58:23","tip":"网站已打开"}}
{"level":"info","message":{"time":"2024/6/1 22:58:24","tip":"广告曝光"}}
{"level":"info","message":"开始：2024/6/1 22:58:31"}
{"level":"info","message":{"body":"{\"code\":200,\"msg\":\"提交成功\",\"data\":[]}","brand":"google","model":"Pixel 6","tip":"重置机型成功"}}
{"level":"info","message":{"data":"{\"msg\":\"操作成功\",\"code\":200}","tip":"切换代理IP成功"}}
{"level":"info","message":{"time":"2024/6/1 22:59:22","tip":"网站已打开"}}
{"level":"info","message":{"time":"2024/6/1 22:59:28","tip":"广告曝光"}}
{"level":"error","name":"unknown error"}
{"level":"info","message":{"body":"{\"code\":200,\"msg\":\"提交成功\",\"data\":[]}","brand":"google","model":"Pixel 4a","tip":"重置机型成功"}}
{"level":"info","message":{"data":"{\"msg\":\"操作成功\",\"code\":200}","tip":"切换代理IP成功"}}
{"level":"info","message":"开始：2024/6/1 22:59:35"}
{"level":"info","message":{"body":"{\"code\":200,\"msg\":\"提交成功\",\"data\":[]}","brand":"google","model":"Pixel 4a","tip":"重置机型成功"}}
{"level":"info","message":{"data":"{\"msg\":\"操作成功\",\"code\":200}","tip":"切换代理IP成功"}}
{"level":"info","message":{"time":"2024/6/1 23:00:25","tip":"网站已打开"}}
{"level":"info","message":{"time":"2024/6/1 23:00:28","tip":"广告曝光"}}
{"level":"error","name":"unknown error"}
{"level":"info","message":{"body":"{\"code\":200,\"msg\":\"提交成功\",\"data\":[]}","brand":"google","model":"Pixel 4a","tip":"重置机型成功"}}
{"level":"info","message":{"data":"{\"msg\":\"操作成功\",\"code\":200}","tip":"切换代理IP成功"}}
{"level":"info","message":"开始：2024/6/1 23:00:42"}
{"level":"info","message":{"body":"{\"code\":200,\"msg\":\"提交成功\",\"data\":[]}","brand":"google","model":"Pixel 4a","tip":"重置机型成功"}}
{"level":"info","message":{"data":"{\"msg\":\"操作成功\",\"code\":200}","tip":"切换代理IP成功"}}
{"level":"info","message":"开始：2024/6/1 23:01:48"}
{"level":"info","message":{"body":"{\"code\":200,\"msg\":\"提交成功\",\"data\":[]}","brand":"google","model":"pixel3a","tip":"重置机型成功"}}
{"level":"info","message":{"data":"{\"msg\":\"操作成功\",\"code\":200}","tip":"切换代理IP成功"}}
{"level":"info","message":"开始：2024/6/1 23:02:07"}
{"level":"info","message":{"body":"{\"code\":200,\"msg\":\"提交成功\",\"data\":[]}","brand":"google","model":"pixel5","tip":"重置机型成功"}}
{"level":"info","message":{"data":"{\"msg\":\"操作成功\",\"code\":200}","tip":"切换代理IP成功"}}
{"level":"error","name":"unknown error"}
{"level":"info","message":{"body":"{\"code\":200,\"msg\":\"提交成功\",\"data\":[]}","brand":"google","model":"pixel5","tip":"重置机型成功"}}
{"level":"info","message":{"data":"{\"msg\":\"操作成功\",\"code\":200}","tip":"切换代理IP成功"}}
{"level":"info","message":"开始：2024/6/1 23:02:48"}
{"level":"info","message":{"body":"{\"code\":200,\"msg\":\"提交成功\",\"data\":[]}","brand":"google","model":"pixel5","tip":"重置机型成功"}}
{"level":"info","message":{"data":"{\"msg\":\"操作成功\",\"code\":200}","tip":"切换代理IP成功"}}
{"level":"error","name":"unknown error"}
{"level":"info","message":{"body":"{\"code\":200,\"msg\":\"提交成功\",\"data\":[]}","brand":"google","model":"Pixel 4a","tip":"重置机型成功"}}
{"level":"info","message":{"data":"{\"msg\":\"操作成功\",\"code\":200}","tip":"切换代理IP成功"}}
{"level":"info","message":"开始：2024/6/1 23:03:16"}
{"level":"info","message":{"body":"{\"code\":200,\"msg\":\"提交成功\",\"data\":[]}","brand":"google","model":"Pixel 4a","tip":"重置机型成功"}}
{"level":"info","message":{"data":"{\"msg\":\"操作成功\",\"code\":200}","tip":"切换代理IP成功"}}
{"level":"error"}
{"level":"info","message":{"body":"{\"code\":200,\"msg\":\"提交成功\",\"data\":[]}","brand":"google","model":"Pixel 4a","tip":"重置机型成功"}}
{"level":"info","message":{"data":"{\"msg\":\"操作成功\",\"code\":200}","tip":"切换代理IP成功"}}
{"level":"info","message":"开始：2024/6/1 23:04:03"}
{"level":"info","message":{"body":"{\"code\":200,\"msg\":\"提交成功\",\"data\":[]}","brand":"google","model":"Pixel 4a","tip":"重置机型成功"}}
{"level":"info","message":{"data":"{\"msg\":\"操作成功\",\"code\":200}","tip":"切换代理IP成功"}}
{"level":"info","message":"开始：2024/6/1 23:06:44"}
{"level":"info","message":{"body":"{\"code\":200,\"msg\":\"提交成功\",\"data\":[]}","brand":"google","model":"Pixel 6","tip":"重置机型成功"}}
{"level":"info","message":{"data":"{\"msg\":\"操作成功\",\"code\":200}","tip":"切换代理IP成功"}}
{"level":"info","message":{"time":"2024/6/1 23:07:57","tip":"网站已打开"}}
{"level":"info","message":{"time":"2024/6/1 23:08:00","tip":"广告曝光"}}
{"level":"error","name":"unknown error"}
{"level":"info","message":{"body":"{\"code\":200,\"msg\":\"提交成功\",\"data\":[]}","brand":"google","model":"Pixel 4a","tip":"重置机型成功"}}
{"level":"info","message":{"data":"{\"msg\":\"操作成功\",\"code\":200}","tip":"切换代理IP成功"}}
{"level":"info","message":"开始：2024/6/1 23:09:08"}
{"level":"info","message":{"body":"{\"code\":200,\"msg\":\"提交成功\",\"data\":[]}","brand":"google","model":"Pixel 4a","tip":"重置机型成功"}}
{"level":"info","message":{"data":"{\"msg\":\"操作成功\",\"code\":200}","tip":"切换代理IP成功"}}
{"level":"info","message":{"time":"2024/6/1 23:10:02","tip":"网站已打开"}}
{"level":"info","message":{"time":"2024/6/1 23:10:04","tip":"广告曝光"}}
{"level":"error","name":"unknown error"}
{"level":"info","message":{"body":"{\"code\":200,\"msg\":\"提交成功\",\"data\":[]}","brand":"google","model":"Pixel 4a","tip":"重置机型成功"}}
{"level":"info","message":{"data":"{\"msg\":\"操作成功\",\"code\":200}","tip":"切换代理IP成功"}}
{"level":"info","message":"开始：2024/6/1 23:10:49"}
{"level":"info","message":{"body":"{\"code\":200,\"msg\":\"提交成功\",\"data\":[]}","brand":"google","model":"pixel5","tip":"重置机型成功"}}
{"level":"info","message":{"data":"{\"msg\":\"操作成功\",\"code\":200}","tip":"切换代理IP成功"}}
{"level":"info","message":{"time":"2024/6/1 23:11:39","tip":"网站已打开"}}
{"level":"info","message":{"time":"2024/6/1 23:11:42","tip":"广告曝光"}}
{"level":"error","name":"unknown error"}
{"level":"info","message":{"body":"{\"code\":200,\"msg\":\"提交成功\",\"data\":[]}","brand":"google","model":"Pixel 4a","tip":"重置机型成功"}}
{"level":"info","message":{"data":"{\"msg\":\"操作成功\",\"code\":200}","tip":"切换代理IP成功"}}
{"level":"info","message":"开始：2024/6/1 23:11:56"}
{"level":"info","message":{"body":"{\"code\":200,\"msg\":\"提交成功\",\"data\":[]}","brand":"google","model":"Pixel 4a","tip":"重置机型成功"}}
{"level":"info","message":{"data":"{\"msg\":\"操作成功\",\"code\":200}","tip":"切换代理IP成功"}}
{"level":"info","message":"开始：2024/6/1 23:12:31"}
{"level":"info","message":{"body":"{\"code\":200,\"msg\":\"提交成功\",\"data\":[]}","brand":"google","model":"Pixel 4a","tip":"重置机型成功"}}
{"level":"info","message":{"data":"{\"msg\":\"操作成功\",\"code\":200}","tip":"切换代理IP成功"}}
{"level":"info","message":"开始：2024/6/1 23:13:03"}
{"level":"info","message":{"body":"{\"code\":200,\"msg\":\"提交成功\",\"data\":[]}","brand":"google","model":"pixel5","tip":"重置机型成功"}}
{"level":"info","message":{"data":"{\"msg\":\"操作成功\",\"code\":200}","tip":"切换代理IP成功"}}
{"level":"info","message":"开始：2024/6/1 23:13:36"}
{"level":"info","message":{"body":"{\"code\":200,\"msg\":\"提交成功\",\"data\":[]}","brand":"google","model":"pixel3a","tip":"重置机型成功"}}
{"level":"info","message":{"data":"{\"msg\":\"操作成功\",\"code\":200}","tip":"切换代理IP成功"}}
{"level":"info","message":"开始：2024/6/1 23:14:09"}
{"level":"info","message":{"body":"{\"code\":200,\"msg\":\"提交成功\",\"data\":[]}","brand":"google","model":"pixel3a","tip":"重置机型成功"}}
{"level":"info","message":{"data":"{\"msg\":\"操作成功\",\"code\":200}","tip":"切换代理IP成功"}}
{"level":"info","message":"开始：2024/6/1 23:14:44"}
{"level":"info","message":{"body":"{\"code\":200,\"msg\":\"提交成功\",\"data\":[]}","brand":"google","model":"Pixel 4a","tip":"重置机型成功"}}
{"level":"info","message":{"data":"{\"msg\":\"操作成功\",\"code\":200}","tip":"切换代理IP成功"}}
{"level":"info","message":"开始：2024/6/1 23:15:28"}
{"level":"info","message":{"body":"{\"code\":200,\"msg\":\"提交成功\",\"data\":[]}","brand":"google","model":"pixel5","tip":"重置机型成功"}}
{"level":"info","message":{"data":"{\"msg\":\"操作成功\",\"code\":200}","tip":"切换代理IP成功"}}
{"level":"info","message":"开始：2024/6/1 23:16:03"}
{"level":"info","message":{"body":"{\"code\":200,\"msg\":\"提交成功\",\"data\":[]}","brand":"google","model":"pixel3a","tip":"重置机型成功"}}
{"level":"info","message":{"data":"{\"msg\":\"操作成功\",\"code\":200}","tip":"切换代理IP成功"}}
{"level":"info","message":"开始：2024/6/1 23:16:42"}
{"level":"info","message":{"body":"{\"code\":200,\"msg\":\"提交成功\",\"data\":[]}","brand":"google","model":"Pixel 4a","tip":"重置机型成功"}}
{"level":"info","message":{"data":"{\"msg\":\"操作成功\",\"code\":200}","tip":"切换代理IP成功"}}
{"level":"info","message":"开始：2024/6/1 23:17:52"}
{"level":"info","message":{"body":"{\"code\":200,\"msg\":\"提交成功\",\"data\":[]}","brand":"google","model":"Pixel 4a","tip":"重置机型成功"}}
{"level":"info","message":{"data":"{\"msg\":\"操作成功\",\"code\":200}","tip":"切换代理IP成功"}}
{"level":"info","message":"开始：2024/6/1 23:18:29"}
{"level":"info","message":{"body":"{\"code\":200,\"msg\":\"提交成功\",\"data\":[]}","brand":"google","model":"Pixel 4a","tip":"重置机型成功"}}
{"level":"info","message":{"data":"{\"msg\":\"操作成功\",\"code\":200}","tip":"切换代理IP成功"}}
{"level":"info","message":"开始：2024/6/1 23:22:28"}
{"level":"info","message":{"body":"{\"code\":200,\"msg\":\"提交成功\",\"data\":[]}","brand":"google","model":"Pixel 6","tip":"重置机型成功"}}
{"level":"info","message":{"data":"{\"msg\":\"操作成功\",\"code\":200}","tip":"切换代理IP成功"}}
{"level":"info","message":{"time":"2024/6/1 23:23:23","tip":"网站已打开"}}
{"level":"info","message":{"time":"2024/6/1 23:23:25","tip":"广告曝光"}}
{"level":"error","name":"unknown error"}
{"level":"info","message":{"body":"{\"code\":200,\"msg\":\"提交成功\",\"data\":[]}","brand":"google","model":"Pixel 6","tip":"重置机型成功"}}
{"level":"info","message":{"data":"{\"msg\":\"操作成功\",\"code\":200}","tip":"切换代理IP成功"}}
{"level":"info","message":"开始：2024/6/1 23:23:59"}
{"level":"info","message":{"body":"{\"code\":200,\"msg\":\"提交成功\",\"data\":[]}","brand":"google","model":"Pixel 4a","tip":"重置机型成功"}}
{"level":"info","message":{"data":"{\"msg\":\"操作成功\",\"code\":200}","tip":"切换代理IP成功"}}
{"level":"info","message":{"time":"2024/6/1 23:24:42","tip":"网站已打开"}}
{"level":"info","message":{"time":"2024/6/1 23:24:45","tip":"广告曝光"}}
{"level":"error","name":"unknown error"}
{"level":"info","message":{"body":"{\"code\":200,\"msg\":\"提交成功\",\"data\":[]}","brand":"google","model":"Pixel 4a","tip":"重置机型成功"}}
{"level":"info","message":{"data":"{\"msg\":\"操作成功\",\"code\":200}","tip":"切换代理IP成功"}}
{"level":"info","message":"开始：2024/6/1 23:25:56"}
{"level":"info","message":{"body":"{\"code\":200,\"msg\":\"提交成功\",\"data\":[]}","brand":"google","model":"Pixel 6","tip":"重置机型成功"}}
{"level":"info","message":{"data":"{\"msg\":\"操作成功\",\"code\":200}","tip":"切换代理IP成功"}}
{"level":"info","message":"开始：2024/6/1 23:26:15"}
{"level":"info","message":{"body":"{\"code\":200,\"msg\":\"提交成功\",\"data\":[]}","brand":"google","model":"Pixel 6","tip":"重置机型成功"}}
{"level":"info","message":{"data":"{\"msg\":\"操作成功\",\"code\":200}","tip":"切换代理IP成功"}}
{"level":"info","message":{"time":"2024/6/1 23:27:05","tip":"网站已打开"}}
{"level":"info","message":{"time":"2024/6/1 23:27:07","tip":"广告曝光"}}
{"level":"error","name":"unknown error"}
{"level":"info","message":{"body":"{\"code\":200,\"msg\":\"提交成功\",\"data\":[]}","brand":"google","model":"Pixel 6","tip":"重置机型成功"}}
{"level":"info","message":{"data":"{\"msg\":\"操作成功\",\"code\":200}","tip":"切换代理IP成功"}}
{"level":"error","name":"invalid session id"}
{"level":"info","message":{"body":"{\"code\":200,\"msg\":\"提交成功\",\"data\":[]}","brand":"google","model":"Pixel 4a","tip":"重置机型成功"}}
{"level":"info","message":{"data":"{\"msg\":\"操作成功\",\"code\":200}","tip":"切换代理IP成功"}}
{"level":"info","message":"开始：2024/6/1 23:27:50"}
{"level":"info","message":{"body":"{\"code\":200,\"msg\":\"提交成功\",\"data\":[]}","brand":"google","model":"Pixel 6","tip":"重置机型成功"}}
{"level":"info","message":{"data":"{\"msg\":\"操作成功\",\"code\":200}","tip":"切换代理IP成功"}}
{"level":"info","message":{"time":"2024/6/1 23:28:31","tip":"网站已打开"}}
{"level":"error","name":"unknown error"}
{"level":"info","message":{"body":"{\"code\":200,\"msg\":\"提交成功\",\"data\":[]}","brand":"google","model":"Pixel 4a","tip":"重置机型成功"}}
{"level":"info","message":{"data":"{\"msg\":\"操作成功\",\"code\":200}","tip":"切换代理IP成功"}}
{"level":"error","name":"invalid session id"}
{"level":"info","message":{"body":"{\"code\":200,\"msg\":\"提交成功\",\"data\":[]}","brand":"google","model":"pixel3a","tip":"重置机型成功"}}
{"level":"info","message":{"data":"{\"msg\":\"操作成功\",\"code\":200}","tip":"切换代理IP成功"}}
{"level":"info","message":"开始：2024/6/1 23:28:57"}
{"level":"info","message":{"body":"{\"code\":200,\"msg\":\"提交成功\",\"data\":[]}","brand":"google","model":"pixel5","tip":"重置机型成功"}}
{"level":"info","message":{"data":"{\"msg\":\"操作成功\",\"code\":200}","tip":"切换代理IP成功"}}
{"level":"error","name":"unknown error"}
{"level":"info","message":"开始：2024/6/1 23:30:31"}
{"level":"info","message":{"body":"{\"code\":200,\"msg\":\"提交成功\",\"data\":[]}","brand":"google","model":"Pixel 6","tip":"重置机型成功"}}
{"level":"info","message":{"data":"{\"msg\":\"操作成功\",\"code\":200}","tip":"切换代理IP成功"}}
{"level":"info","message":{"time":"2024/6/1 23:31:15","tip":"网站已打开"}}
{"level":"info","message":{"time":"2024/6/1 23:31:17","tip":"广告曝光"}}
{"level":"error","name":"unknown error"}
{"level":"info","message":{"body":"{\"code\":200,\"msg\":\"提交成功\",\"data\":[]}","brand":"google","model":"pixel3a","tip":"重置机型成功"}}
{"level":"info","message":{"data":"{\"msg\":\"操作成功\",\"code\":200}","tip":"切换代理IP成功"}}
{"level":"error","name":"invalid session id"}
{"level":"info","message":{"body":"{\"code\":200,\"msg\":\"提交成功\",\"data\":[]}","brand":"google","model":"Pixel 6","tip":"重置机型成功"}}
{"level":"info","message":{"data":"{\"msg\":\"操作成功\",\"code\":200}","tip":"切换代理IP成功"}}
{"level":"info","message":"开始：2024/6/1 23:32:07"}
{"level":"info","message":{"body":"{\"code\":200,\"msg\":\"提交成功\",\"data\":[]}","brand":"google","model":"pixel5","tip":"重置机型成功"}}
{"level":"info","message":{"data":"{\"msg\":\"操作成功\",\"code\":200}","tip":"切换代理IP成功"}}
{"level":"error","name":"unknown error"}
{"level":"info","message":{"body":"{\"code\":200,\"msg\":\"提交成功\",\"data\":[]}","brand":"google","model":"Pixel 6","tip":"重置机型成功"}}
{"level":"info","message":{"data":"{\"msg\":\"操作成功\",\"code\":200}","tip":"切换代理IP成功"}}
{"level":"error","name":"invalid session id"}
{"level":"info","message":{"body":"{\"code\":200,\"msg\":\"提交成功\",\"data\":[]}","brand":"google","model":"pixel5","tip":"重置机型成功"}}
{"level":"info","message":{"data":"{\"msg\":\"操作成功\",\"code\":200}","tip":"切换代理IP成功"}}
{"level":"info","message":"开始：2024/6/1 23:33:11"}
{"level":"info","message":{"body":"{\"code\":200,\"msg\":\"提交成功\",\"data\":[]}","brand":"google","model":"pixel5","tip":"重置机型成功"}}
{"level":"info","message":{"data":"{\"msg\":\"操作成功\",\"code\":200}","tip":"切换代理IP成功"}}
{"level":"info","message":{"time":"2024/6/1 23:33:52","tip":"网站已打开"}}
{"level":"info","message":{"time":"2024/6/1 23:33:53","tip":"广告曝光"}}
{"level":"error","name":"unknown error"}
{"level":"info","message":{"body":"{\"code\":200,\"msg\":\"提交成功\",\"data\":[]}","brand":"google","model":"pixel3a","tip":"重置机型成功"}}
{"level":"info","message":{"data":"{\"msg\":\"操作成功\",\"code\":200}","tip":"切换代理IP成功"}}
{"level":"error","name":"invalid session id"}
{"level":"info","message":{"body":"{\"code\":200,\"msg\":\"提交成功\",\"data\":[]}","brand":"google","model":"Pixel 4a","tip":"重置机型成功"}}
{"level":"info","message":{"data":"{\"msg\":\"操作成功\",\"code\":200}","tip":"切换代理IP成功"}}
{"level":"info","message":"开始：2024/6/1 23:34:22"}
{"level":"info","message":{"body":"{\"code\":200,\"msg\":\"提交成功\",\"data\":[]}","brand":"google","model":"pixel5","tip":"重置机型成功"}}
{"level":"info","message":{"data":"{\"msg\":\"操作成功\",\"code\":200}","tip":"切换代理IP成功"}}
{"level":"error","name":"unknown error"}
{"level":"info","message":{"body":"{\"code\":200,\"msg\":\"提交成功\",\"data\":[]}","brand":"google","model":"Pixel 4a","tip":"重置机型成功"}}
{"level":"info","message":{"data":"{\"msg\":\"操作成功\",\"code\":200}","tip":"切换代理IP成功"}}
{"level":"info","message":"开始：2024/6/1 23:35:24"}
{"level":"info","message":{"body":"{\"code\":200,\"msg\":\"提交成功\",\"data\":[]}","brand":"google","model":"Pixel 6","tip":"重置机型成功"}}
{"level":"info","message":{"data":"{\"msg\":\"操作成功\",\"code\":200}","tip":"切换代理IP成功"}}
{"level":"info","message":{"time":"2024/6/1 23:36:06","tip":"网站已打开"}}
{"level":"error","name":"unknown error"}
{"level":"info","message":{"body":"{\"code\":200,\"msg\":\"提交成功\",\"data\":[]}","brand":"google","model":"pixel5","tip":"重置机型成功"}}
{"level":"info","message":{"data":"{\"msg\":\"操作成功\",\"code\":200}","tip":"切换代理IP成功"}}
{"level":"error","name":"invalid session id"}
{"level":"info","message":{"body":"{\"code\":200,\"msg\":\"提交成功\",\"data\":[]}","brand":"google","model":"Pixel 6","tip":"重置机型成功"}}
{"level":"info","message":{"data":"{\"msg\":\"操作成功\",\"code\":200}","tip":"切换代理IP成功"}}
{"level":"info","message":"开始：2024/6/1 23:36:33"}
{"level":"info","message":{"body":"{\"code\":200,\"msg\":\"提交成功\",\"data\":[]}","brand":"google","model":"Pixel 4a","tip":"重置机型成功"}}
{"level":"info","message":{"data":"{\"msg\":\"操作成功\",\"code\":200}","tip":"切换代理IP成功"}}
{"level":"error","name":"unknown error"}
{"level":"info","message":{"body":"{\"code\":200,\"msg\":\"提交成功\",\"data\":[]}","brand":"google","model":"Pixel 4a","tip":"重置机型成功"}}
{"level":"info","message":{"data":"{\"msg\":\"操作成功\",\"code\":200}","tip":"切换代理IP成功"}}
{"level":"error","name":"invalid session id"}
{"level":"info","message":{"body":"{\"code\":200,\"msg\":\"提交成功\",\"data\":[]}","brand":"google","model":"pixel5","tip":"重置机型成功"}}
{"level":"info","message":{"data":"{\"msg\":\"操作成功\",\"code\":200}","tip":"切换代理IP成功"}}
{"level":"info","message":"开始：2024/6/1 23:37:39"}
{"level":"info","message":{"body":"{\"code\":200,\"msg\":\"提交成功\",\"data\":[]}","brand":"google","model":"pixel3a","tip":"重置机型成功"}}
{"level":"info","message":{"data":"{\"msg\":\"操作成功\",\"code\":200}","tip":"切换代理IP成功"}}
{"level":"error","name":"unknown error"}
{"level":"info","message":{"body":"{\"code\":200,\"msg\":\"提交成功\",\"data\":[]}","brand":"google","model":"pixel3a","tip":"重置机型成功"}}
{"level":"info","message":{"data":"{\"msg\":\"操作成功\",\"code\":200}","tip":"切换代理IP成功"}}
{"level":"error","name":"invalid session id"}
{"level":"info","message":{"body":"{\"code\":200,\"msg\":\"提交成功\",\"data\":[]}","brand":"google","model":"Pixel 4a","tip":"重置机型成功"}}
{"level":"info","message":{"data":"{\"msg\":\"操作成功\",\"code\":200}","tip":"切换代理IP成功"}}
{"level":"info","message":"开始：2024/6/1 23:38:43"}
{"level":"info","message":{"body":"{\"code\":200,\"msg\":\"提交成功\",\"data\":[]}","brand":"google","model":"pixel5","tip":"重置机型成功"}}
{"level":"info","message":{"data":"{\"msg\":\"操作成功\",\"code\":200}","tip":"切换代理IP成功"}}
{"level":"error","name":"unknown error"}
{"level":"info","message":{"body":"{\"code\":200,\"msg\":\"提交成功\",\"data\":[]}","brand":"google","model":"pixel3a","tip":"重置机型成功"}}
{"level":"info","message":{"data":"{\"msg\":\"操作成功\",\"code\":200}","tip":"切换代理IP成功"}}
{"level":"info","message":"开始：2024/6/1 23:40:07"}
{"level":"info","message":{"body":"{\"code\":200,\"msg\":\"提交成功\",\"data\":[]}","brand":"google","model":"Pixel 4a","tip":"重置机型成功"}}
{"level":"info","message":{"data":"{\"msg\":\"操作成功\",\"code\":200}","tip":"切换代理IP成功"}}
{"level":"info","message":"开始：2024/6/1 23:40:35"}
{"level":"info","message":{"body":"{\"code\":200,\"msg\":\"提交成功\",\"data\":[]}","brand":"google","model":"pixel3a","tip":"重置机型成功"}}
{"level":"info","message":{"data":"{\"msg\":\"操作成功\",\"code\":200}","tip":"切换代理IP成功"}}
{"level":"info","message":"开始：2024/6/1 23:41:09"}
{"level":"info","message":{"body":"{\"code\":200,\"msg\":\"提交成功\",\"data\":[]}","brand":"google","model":"Pixel 6","tip":"重置机型成功"}}
{"level":"info","message":{"data":"{\"msg\":\"操作成功\",\"code\":200}","tip":"切换代理IP成功"}}
{"level":"info","message":"开始：2024/6/1 23:41:43"}
{"level":"info","message":{"body":"{\"code\":200,\"msg\":\"提交成功\",\"data\":[]}","brand":"google","model":"Pixel 4a","tip":"重置机型成功"}}
{"level":"info","message":{"data":"{\"msg\":\"操作成功\",\"code\":200}","tip":"切换代理IP成功"}}
{"level":"info","message":"开始：2024/6/1 23:42:15"}
{"level":"info","message":{"body":"{\"code\":200,\"msg\":\"提交成功\",\"data\":[]}","brand":"google","model":"pixel3a","tip":"重置机型成功"}}
{"level":"info","message":{"data":"{\"msg\":\"操作成功\",\"code\":200}","tip":"切换代理IP成功"}}
{"level":"info","message":"开始：2024/6/1 23:42:48"}
{"level":"info","message":{"body":"{\"code\":200,\"msg\":\"提交成功\",\"data\":[]}","brand":"google","model":"Pixel 4a","tip":"重置机型成功"}}
{"level":"info","message":{"data":"{\"msg\":\"操作成功\",\"code\":200}","tip":"切换代理IP成功"}}
{"level":"info","message":{"time":"2024/6/1 23:43:29","tip":"网站已打开"}}
{"level":"info","message":{"time":"2024/6/1 23:43:30","tip":"广告曝光"}}
{"level":"error","name":"unknown error"}
{"level":"info","message":{"body":"{\"code\":200,\"msg\":\"提交成功\",\"data\":[]}","brand":"google","model":"pixel5","tip":"重置机型成功"}}
{"level":"info","message":{"data":"{\"msg\":\"操作成功\",\"code\":200}","tip":"切换代理IP成功"}}
{"level":"error","name":"invalid session id"}
{"level":"info","message":{"body":"{\"code\":200,\"msg\":\"提交成功\",\"data\":[]}","brand":"google","model":"Pixel 4a","tip":"重置机型成功"}}
{"level":"info","message":{"data":"{\"msg\":\"操作成功\",\"code\":200}","tip":"切换代理IP成功"}}
{"level":"info","message":"开始：2024/6/1 23:44:23"}
{"level":"info","message":{"body":"{\"code\":200,\"msg\":\"提交成功\",\"data\":[]}","brand":"google","model":"Pixel 4a","tip":"重置机型成功"}}
{"level":"info","message":{"data":"{\"msg\":\"操作成功\",\"code\":200}","tip":"切换代理IP成功"}}
{"level":"error","name":"unknown error"}
{"level":"info","message":{"body":"{\"code\":200,\"msg\":\"提交成功\",\"data\":[]}","brand":"google","model":"Pixel 6","tip":"重置机型成功"}}
{"level":"info","message":{"data":"{\"msg\":\"操作成功\",\"code\":200}","tip":"切换代理IP成功"}}
{"level":"error","name":"invalid session id"}
{"level":"info","message":{"body":"{\"code\":200,\"msg\":\"提交成功\",\"data\":[]}","brand":"google","model":"Pixel 6","tip":"重置机型成功"}}
{"level":"info","message":{"data":"{\"msg\":\"操作成功\",\"code\":200}","tip":"切换代理IP成功"}}
{"level":"info","message":"开始：2024/6/1 23:45:26"}
{"level":"info","message":{"body":"{\"code\":200,\"msg\":\"提交成功\",\"data\":[]}","brand":"google","model":"pixel3a","tip":"重置机型成功"}}
{"level":"info","message":{"data":"{\"msg\":\"操作成功\",\"code\":200}","tip":"切换代理IP成功"}}
{"level":"info","message":"开始：2024/6/1 23:47:15"}
{"level":"info","message":{"body":"{\"code\":200,\"msg\":\"提交成功\",\"data\":[]}","brand":"google","model":"Pixel 6","tip":"重置机型成功"}}
{"level":"info","message":{"data":"{\"msg\":\"操作成功\",\"code\":200}","tip":"切换代理IP成功"}}
{"level":"info","message":"开始：2024/6/1 23:47:38"}
{"level":"info","message":{"body":"{\"code\":200,\"msg\":\"提交成功\",\"data\":[]}","brand":"google","model":"Pixel 6","tip":"重置机型成功"}}
{"level":"info","message":{"data":"{\"msg\":\"操作成功\",\"code\":200}","tip":"切换代理IP成功"}}
{"level":"info","message":{"time":"2024/6/1 23:48:22","tip":"网站已打开"}}
{"level":"info","message":{"time":"2024/6/1 23:48:24","tip":"广告曝光"}}
{"level":"info","message":{"time":"2024/6/1 23:48:28","tip":"广告点击","type":"adsbygoogle"}}
{"level":"info","message":"开始：2024/6/1 23:48:54"}
{"level":"info","message":{"body":"{\"code\":200,\"msg\":\"提交成功\",\"data\":[]}","brand":"google","model":"pixel5","tip":"重置机型成功"}}
{"level":"info","message":{"data":"{\"msg\":\"操作成功\",\"code\":200}","tip":"切换代理IP成功"}}
{"level":"info","message":{"time":"2024/6/1 23:49:38","tip":"网站已打开"}}
{"level":"info","message":{"time":"2024/6/1 23:49:38","tip":"广告曝光"}}
{"level":"error","name":"unknown error"}
{"level":"info","message":{"body":"{\"code\":200,\"msg\":\"提交成功\",\"data\":[]}","brand":"google","model":"Pixel 4a","tip":"重置机型成功"}}
{"level":"info","message":{"data":"{\"msg\":\"操作成功\",\"code\":200}","tip":"切换代理IP成功"}}
{"level":"error","name":"invalid session id"}
{"level":"info","message":{"body":"{\"code\":200,\"msg\":\"提交成功\",\"data\":[]}","brand":"google","model":"pixel3a","tip":"重置机型成功"}}
{"level":"info","message":{"data":"{\"msg\":\"操作成功\",\"code\":200}","tip":"切换代理IP成功"}}
{"level":"info","message":"开始：2024/6/1 23:50:28"}
{"level":"info","message":{"body":"{\"code\":200,\"msg\":\"提交成功\",\"data\":[]}","brand":"google","model":"pixel5","tip":"重置机型成功"}}
{"level":"info","message":{"data":"{\"msg\":\"操作成功\",\"code\":200}","tip":"切换代理IP成功"}}
{"level":"info","message":"开始：2024/6/1 23:50:49"}
{"level":"info","message":{"body":"{\"code\":200,\"msg\":\"提交成功\",\"data\":[]}","brand":"google","model":"pixel5","tip":"重置机型成功"}}
{"level":"info","message":{"data":"{\"msg\":\"操作成功\",\"code\":200}","tip":"切换代理IP成功"}}
{"level":"info","message":"开始：2024/6/1 23:51:09"}
{"level":"info","message":{"body":"{\"code\":200,\"msg\":\"提交成功\",\"data\":[]}","brand":"google","model":"Pixel 4a","tip":"重置机型成功"}}
{"level":"info","message":{"data":"{\"msg\":\"操作成功\",\"code\":200}","tip":"切换代理IP成功"}}
{"level":"error"}
